<?xml version="1.0" encoding="UTF-8"?>
<testsuite xmlns:xsi="http://www.w3.org/2001/XMLSchema-instance" xsi:noNamespaceSchemaLocation="https://maven.apache.org/surefire/maven-surefire-plugin/xsd/surefire-test-report.xsd" name="com.ss.RedisTest" time="28.009" tests="1" errors="1" skipped="0" failures="0">
  <properties>
[...]
</properties>
  <testcase name="testQuery" classname="com.ss.RedisTest" time="15.014">
    <error message="Unable to connect to Redis; nested exception is io.lettuce.core.RedisConnectionException: Unable to connect to 192.168.226.8:6666" type="org.springframework.data.redis.RedisConnectionFailureException">org.springframework.data.redis.RedisConnectionFailureException: Unable to connect to Redis; nested exception is io.lettuce.core.RedisConnectionException: Unable to connect to 192.168.226.8:6666
	at com.ss.RedisTest.testQuery(RedisTest.java:27)
Caused by: io.lettuce.core.RedisConnectionException: Unable to connect to 192.168.226.8:6666
	at com.ss.RedisTest.testQuery(RedisTest.java:27)
Caused by: io.netty.channel.ConnectTimeoutException: connection timed out: /192.168.226.8:6666
</error>
    <system-out><![CDATA[10:43:35.030 [main] DEBUG org.springframework.test.context.junit4.SpringJUnit4ClassRunner - SpringJUnit4ClassRunner constructor called with [class com.ss.RedisTest]
10:43:35.034 [main] DEBUG org.springframework.test.context.BootstrapUtils - Instantiating CacheAwareContextLoaderDelegate from class [org.springframework.test.context.cache.DefaultCacheAwareContextLoaderDelegate]
10:43:35.045 [main] DEBUG org.springframework.test.context.BootstrapUtils - Instantiating BootstrapContext using constructor [public org.springframework.test.context.support.DefaultBootstrapContext(java.lang.Class,org.springframework.test.context.CacheAwareContextLoaderDelegate)]
10:43:35.069 [main] DEBUG org.springframework.test.context.BootstrapUtils - Instantiating TestContextBootstrapper for test class [com.ss.RedisTest] from class [org.springframework.boot.test.context.SpringBootTestContextBootstrapper]
10:43:35.088 [main] INFO org.springframework.boot.test.context.SpringBootTestContextBootstrapper - Neither @ContextConfiguration nor @ContextHierarchy found for test class [com.ss.RedisTest], using SpringBootContextLoader
10:43:35.092 [main] DEBUG org.springframework.test.context.support.AbstractContextLoader - Did not detect default resource location for test class [com.ss.RedisTest]: class path resource [com/ss/RedisTest-context.xml] does not exist
10:43:35.093 [main] DEBUG org.springframework.test.context.support.AbstractContextLoader - Did not detect default resource location for test class [com.ss.RedisTest]: class path resource [com/ss/RedisTestContext.groovy] does not exist
10:43:35.093 [main] INFO org.springframework.test.context.support.AbstractContextLoader - Could not detect default resource locations for test class [com.ss.RedisTest]: no resource found for suffixes {-context.xml, Context.groovy}.
10:43:35.094 [main] INFO org.springframework.test.context.support.AnnotationConfigContextLoaderUtils - Could not detect default configuration classes for test class [com.ss.RedisTest]: RedisTest does not declare any static, non-private, non-final, nested classes annotated with @Configuration.
10:43:35.175 [main] DEBUG org.springframework.test.context.support.ActiveProfilesUtils - Could not find an 'annotation declaring class' for annotation type [org.springframework.test.context.ActiveProfiles] and class [com.ss.RedisTest]
10:43:35.303 [main] DEBUG org.springframework.context.annotation.ClassPathScanningCandidateComponentProvider - Identified candidate component class: file [D:\haikeyi\Bcc_Work\name\yingxue\target\classes\com\ss\YingxueApplication.class]
10:43:35.306 [main] INFO org.springframework.boot.test.context.SpringBootTestContextBootstrapper - Found @SpringBootConfiguration com.ss.YingxueApplication for test class com.ss.RedisTest
10:43:35.530 [main] DEBUG org.springframework.boot.test.context.SpringBootTestContextBootstrapper - @TestExecutionListeners is not present for class [com.ss.RedisTest]: using defaults.
10:43:35.531 [main] INFO org.springframework.boot.test.context.SpringBootTestContextBootstrapper - Loaded default TestExecutionListener class names from location [META-INF/spring.factories]: [org.springframework.boot.test.mock.mockito.MockitoTestExecutionListener, org.springframework.boot.test.mock.mockito.ResetMocksTestExecutionListener, org.springframework.boot.test.autoconfigure.restdocs.RestDocsTestExecutionListener, org.springframework.boot.test.autoconfigure.web.client.MockRestServiceServerResetTestExecutionListener, org.springframework.boot.test.autoconfigure.web.servlet.MockMvcPrintOnlyOnFailureTestExecutionListener, org.springframework.boot.test.autoconfigure.web.servlet.WebDriverTestExecutionListener, org.springframework.test.context.web.ServletTestExecutionListener, org.springframework.test.context.support.DirtiesContextBeforeModesTestExecutionListener, org.springframework.test.context.support.DependencyInjectionTestExecutionListener, org.springframework.test.context.support.DirtiesContextTestExecutionListener, org.springframework.test.context.transaction.TransactionalTestExecutionListener, org.springframework.test.context.jdbc.SqlScriptsTestExecutionListener]
10:43:35.584 [main] INFO org.springframework.boot.test.context.SpringBootTestContextBootstrapper - Using TestExecutionListeners: [org.springframework.test.context.web.ServletTestExecutionListener@22d7b4f8, org.springframework.test.context.support.DirtiesContextBeforeModesTestExecutionListener@149dd36b, org.springframework.boot.test.mock.mockito.MockitoTestExecutionListener@38831718, org.springframework.boot.test.autoconfigure.SpringBootDependencyInjectionTestExecutionListener@2c1156a7, org.springframework.test.context.support.DirtiesContextTestExecutionListener@33fe57a9, org.springframework.test.context.transaction.TransactionalTestExecutionListener@4982cc36, org.springframework.test.context.jdbc.SqlScriptsTestExecutionListener@691939c9, org.springframework.boot.test.mock.mockito.ResetMocksTestExecutionListener@4f1bfe23, org.springframework.boot.test.autoconfigure.restdocs.RestDocsTestExecutionListener@e19bb76, org.springframework.boot.test.autoconfigure.web.client.MockRestServiceServerResetTestExecutionListener@512535ff, org.springframework.boot.test.autoconfigure.web.servlet.MockMvcPrintOnlyOnFailureTestExecutionListener@71529963, org.springframework.boot.test.autoconfigure.web.servlet.WebDriverTestExecutionListener@61a88b8c]
10:43:35.588 [main] DEBUG org.springframework.test.annotation.ProfileValueUtils - Retrieved @ProfileValueSourceConfiguration [null] for test class [com.ss.RedisTest]
10:43:35.589 [main] DEBUG org.springframework.test.annotation.ProfileValueUtils - Retrieved ProfileValueSource type [class org.springframework.test.annotation.SystemProfileValueSource] for class [com.ss.RedisTest]
10:43:35.590 [main] DEBUG org.springframework.test.annotation.ProfileValueUtils - Retrieved @ProfileValueSourceConfiguration [null] for test class [com.ss.RedisTest]
10:43:35.590 [main] DEBUG org.springframework.test.annotation.ProfileValueUtils - Retrieved ProfileValueSource type [class org.springframework.test.annotation.SystemProfileValueSource] for class [com.ss.RedisTest]
10:43:35.590 [main] DEBUG org.springframework.test.annotation.ProfileValueUtils - Retrieved @ProfileValueSourceConfiguration [null] for test class [com.ss.RedisTest]
10:43:35.590 [main] DEBUG org.springframework.test.annotation.ProfileValueUtils - Retrieved ProfileValueSource type [class org.springframework.test.annotation.SystemProfileValueSource] for class [com.ss.RedisTest]
10:43:35.601 [main] DEBUG org.springframework.test.context.support.AbstractDirtiesContextTestExecutionListener - Before test class: context [DefaultTestContext@63798ca7 testClass = RedisTest, testInstance = [null], testMethod = [null], testException = [null], mergedContextConfiguration = [WebMergedContextConfiguration@4612b856 testClass = RedisTest, locations = '{}', classes = '{class com.ss.YingxueApplication}', contextInitializerClasses = '[]', activeProfiles = '{}', propertySourceLocations = '{}', propertySourceProperties = '{org.springframework.boot.test.context.SpringBootTestContextBootstrapper=true}', contextCustomizers = set[org.springframework.boot.test.context.filter.ExcludeFilterContextCustomizer@57bc27f5, org.springframework.boot.test.json.DuplicateJsonObjectContextCustomizerFactory$DuplicateJsonObjectContextCustomizer@5e7cd6cc, org.springframework.boot.test.mock.mockito.MockitoContextCustomizer@0, org.springframework.boot.test.web.client.TestRestTemplateContextCustomizer@16150369, org.springframework.boot.test.autoconfigure.properties.PropertyMappingContextCustomizer@0, org.springframework.boot.test.autoconfigure.web.servlet.WebDriverContextCustomizerFactory$Customizer@7eecb5b8], resourceBasePath = 'src/main/webapp', contextLoader = 'org.springframework.boot.test.context.SpringBootContextLoader', parent = [null]], attributes = map['org.springframework.test.context.web.ServletTestExecutionListener.activateListener' -> true]], class annotated with @DirtiesContext [false] with mode [null].
10:43:35.601 [main] DEBUG org.springframework.test.annotation.ProfileValueUtils - Retrieved @ProfileValueSourceConfiguration [null] for test class [com.ss.RedisTest]
10:43:35.602 [main] DEBUG org.springframework.test.annotation.ProfileValueUtils - Retrieved ProfileValueSource type [class org.springframework.test.annotation.SystemProfileValueSource] for class [com.ss.RedisTest]
10:43:35.653 [main] DEBUG org.springframework.test.context.support.TestPropertySourceUtils - Adding inlined properties to environment: {spring.jmx.enabled=false, org.springframework.boot.test.context.SpringBootTestContextBootstrapper=true, server.port=-1}



                      !                      天地山青                         !
                     /^\                        道法无常                     /^\
                   /     \                   天地无极                      /     \
   |            | (       ) |            |      乾坤戒法   |            | (       ) |            |
  /^\  |       /^\ \     / /^\       |  /^\  元阳入体     /^\  |       /^\ \     / /^\       |  /^\
  |O| /^\     (   )|-----|(   )     /^\ |O|     五毒不侵  |O| /^\     (   )|-----|(   )     /^\ |O|
  |_| |-| |^-^|---||-----||---|^-^| |-| |_|  九阳之体     |_| |-| |^-^|---||-----||---|^-^| |-| |_|
  |O| |O| |/^\|/^\||  |  ||/^\|/^\| |O| |O|     化缘神功  |O| |O| |/^\|/^\||  |  ||/^\|/^\| |O| |O|
  |-| |-| ||_|||_||| /^\ |||_|||_|| |-| |-|  邪魔退散     |-| |-| ||_|||_||| /^\ |||_|||_|| |-| |-|
  |O| |O| |/^\|/^\||(   )||/^\|/^\| |O| |O|     永不宕机  |O| |O| |/^\|/^\||(   )||/^\|/^\| |O| |O|
  |-| |-| ||_|||_||||   ||||_|||_|| |-| |-|  永无八哥     |-| |-| ||_|||_||||   ||||_|||_|| |-| |-|

2020-04-20 10:43:36.238  INFO 16024 --- [           main] com.ss.RedisTest                         : Starting RedisTest on LAPTOP-FMS98JDQ with PID 16024 (started by 86184 in D:\haikeyi\Bcc_Work\name\yingxue)
2020-04-20 10:43:36.239  INFO 16024 --- [           main] com.ss.RedisTest                         : No active profile set, falling back to default profiles: default
2020-04-20 10:43:37.520  WARN 16024 --- [           main] t.m.s.mapper.ClassPathMapperScanner      : No MyBatis mapper was found in '[com.ss]' package. Please check your configuration.
2020-04-20 10:43:37.609  INFO 16024 --- [           main] .s.d.r.c.RepositoryConfigurationDelegate : Multiple Spring Data modules found, entering strict repository configuration mode!
2020-04-20 10:43:37.615  INFO 16024 --- [           main] .s.d.r.c.RepositoryConfigurationDelegate : Bootstrapping Spring Data repositories in DEFAULT mode.
2020-04-20 10:43:37.656  INFO 16024 --- [           main] .s.d.r.c.RepositoryConfigurationDelegate : Finished Spring Data repository scanning in 32ms. Found 0 repository interfaces.
2020-04-20 10:43:37.707  INFO 16024 --- [           main] .s.d.r.c.RepositoryConfigurationDelegate : Multiple Spring Data modules found, entering strict repository configuration mode!
2020-04-20 10:43:37.711  INFO 16024 --- [           main] .s.d.r.c.RepositoryConfigurationDelegate : Bootstrapping Spring Data repositories in DEFAULT mode.
2020-04-20 10:43:37.764  INFO 16024 --- [           main] .s.d.r.c.RepositoryConfigurationDelegate : Finished Spring Data repository scanning in 19ms. Found 0 repository interfaces.
2020-04-20 10:43:38.770  INFO 16024 --- [           main] trationDelegate$BeanPostProcessorChecker : Bean 'org.springframework.transaction.annotation.ProxyTransactionManagementConfiguration' of type [org.springframework.transaction.annotation.ProxyTransactionManagementConfiguration$$EnhancerBySpringCGLIB$$6e3cad4e] is not eligible for getting processed by all BeanPostProcessors (for example: not eligible for auto-proxying)
2020-04-20 10:43:43.090  INFO 16024 --- [           main] o.s.s.concurrent.ThreadPoolTaskExecutor  : Initializing ExecutorService 'applicationTaskExecutor'
2020-04-20 10:43:43.732  INFO 16024 --- [           main] t.m.m.autoconfigure.MapperCacheDisabler  : Clear tk.mybatis.mapper.util.MsUtil CLASS_CACHE cache.
2020-04-20 10:43:43.734  INFO 16024 --- [           main] t.m.m.autoconfigure.MapperCacheDisabler  : Clear tk.mybatis.mapper.genid.GenIdUtil CACHE cache.
2020-04-20 10:43:43.736  INFO 16024 --- [           main] t.m.m.autoconfigure.MapperCacheDisabler  : Clear tk.mybatis.mapper.version.VersionUtil CACHE cache.
2020-04-20 10:43:43.740  INFO 16024 --- [           main] t.m.m.autoconfigure.MapperCacheDisabler  : Clear EntityHelper entityTableMap cache.
2020-04-20 10:43:47.923  INFO 16024 --- [           main] com.ss.RedisTest                         : Started RedisTest in 12.256 seconds (JVM running for 25.389)
2020-04-20 10:43:48.954  INFO 16024 --- [           main] io.lettuce.core.EpollProvider            : Starting without optional epoll library
2020-04-20 10:43:48.960  INFO 16024 --- [           main] io.lettuce.core.KqueueProvider           : Starting without optional kqueue library
]]></system-out>
  </testcase>
</testsuite>