<?xml version="1.0" encoding="UTF-8"?>
<testsuite xmlns:xsi="http://www.w3.org/2001/XMLSchema-instance" xsi:noNamespaceSchemaLocation="https://maven.apache.org/surefire/maven-surefire-plugin/xsd/surefire-test-report.xsd" name="com.ss.PoiTest" time="2.194" tests="5" errors="1" skipped="0" failures="0">
  <properties>
[...]
</properties>
  <testcase name="PoiImport" classname="com.ss.PoiTest" time="0.557">
    <error type="java.lang.NullPointerException">java.lang.NullPointerException
	at com.ss.PoiTest.PoiImport(PoiTest.java:177)
</error>
  </testcase>
  <testcase name="testExports" classname="com.ss.PoiTest" time="0.066"/>
  <testcase name="testqueryss" classname="com.ss.PoiTest" time="0.007"/>
  <testcase name="testEasyPort" classname="com.ss.PoiTest" time="1.549"/>
  <testcase name="TestEasyPoiInput" classname="com.ss.PoiTest" time="0.015"/>
</testsuite>